# JRE version: OpenJDK Runtime Environment Microsoft-7208460 (11.0.18+10) (build 11.0.18+10-LTS)
# Java VM: OpenJDK 64-Bit Server VM Microsoft-7208460 (11.0.18+10-LTS, mixed mode, tiered, compressed oops, g1 gc, windows-amd64)
Heap:
 garbage-first heap   total 425984K, used 258945K [0x0000000080000000, 0x0000000100000000)
  region size 1024K, 35 young (35840K), 8 survivors (8192K)
 Metaspace       used 123572K, capacity 128036K, committed 128340K, reserved 628736K
  class space    used 16017K, capacity 17728K, committed 17792K, reserved 516096K
GC Heap History (20 events):
Event: 126.866 GC heap before
{Heap before GC invocations=113 (full 0):
 garbage-first heap   total 283648K, used 197965K [0x0000000080000000, 0x0000000100000000)
  region size 1024K, 40 young (40960K), 2 survivors (2048K)
 Metaspace       used 114616K, capacity 118478K, committed 118612K, reserved 618496K
  class space    used 15020K, capacity 16493K, committed 16512K, reserved 516096K
}
Event: 126.888 GC heap after
{Heap after GC invocations=114 (full 0):
 garbage-first heap   total 283648K, used 162816K [0x0000000080000000, 0x0000000100000000)
  region size 1024K, 5 young (5120K), 5 survivors (5120K)
 Metaspace       used 114616K, capacity 118478K, committed 118612K, reserved 618496K
  class space    used 15020K, capacity 16493K, committed 16512K, reserved 516096K
}
Event: 129.572 GC heap before
{Heap before GC invocations=115 (full 0):
 garbage-first heap   total 283648K, used 203776K [0x0000000080000000, 0x0000000100000000)
  region size 1024K, 45 young (46080K), 5 survivors (5120K)
 Metaspace       used 115989K, capacity 119848K, committed 120148K, reserved 620544K
  class space    used 15174K, capacity 16646K, committed 16768K, reserved 516096K
}
Event: 129.621 GC heap after
{Heap after GC invocations=116 (full 0):
 garbage-first heap   total 283648K, used 170770K [0x0000000080000000, 0x0000000100000000)
  region size 1024K, 6 young (6144K), 6 survivors (6144K)
 Metaspace       used 115989K, capacity 119848K, committed 120148K, reserved 620544K
  class space    used 15174K, capacity 16646K, committed 16768K, reserved 516096K
}
Event: 131.932 GC heap before
{Heap before GC invocations=116 (full 0):
 garbage-first heap   total 283648K, used 210706K [0x0000000080000000, 0x0000000100000000)
  region size 1024K, 45 young (46080K), 6 survivors (6144K)
 Metaspace       used 116454K, capacity 120384K, committed 120660K, reserved 620544K
  class space    used 15213K, capacity 16690K, committed 16768K, reserved 516096K
}
Event: 131.988 GC heap after
{Heap after GC invocations=117 (full 0):
 garbage-first heap   total 283648K, used 176391K [0x0000000080000000, 0x0000000100000000)
  region size 1024K, 5 young (5120K), 5 survivors (5120K)
 Metaspace       used 116454K, capacity 120384K, committed 120660K, reserved 620544K
  class space    used 15213K, capacity 16690K, committed 16768K, reserved 516096K
}
Event: 135.504 GC heap before
{Heap before GC invocations=118 (full 0):
 garbage-first heap   total 283648K, used 216327K [0x0000000080000000, 0x0000000100000000)
  region size 1024K, 44 young (45056K), 5 survivors (5120K)
 Metaspace       used 116879K, capacity 120953K, committed 121172K, reserved 622592K
  class space    used 15249K, capacity 16727K, committed 16768K, reserved 516096K
}
Event: 135.530 GC heap after
{Heap after GC invocations=119 (full 0):
 garbage-first heap   total 425984K, used 181734K [0x0000000080000000, 0x0000000100000000)
  region size 1024K, 6 young (6144K), 6 survivors (6144K)
 Metaspace       used 116879K, capacity 120953K, committed 121172K, reserved 622592K
  class space    used 15249K, capacity 16727K, committed 16768K, reserved 516096K
}
Event: 138.636 GC heap before
{Heap before GC invocations=119 (full 0):
 garbage-first heap   total 425984K, used 267750K [0x0000000080000000, 0x0000000100000000)
  region size 1024K, 90 young (92160K), 6 survivors (6144K)
 Metaspace       used 119776K, capacity 123904K, committed 124244K, reserved 624640K
  class space    used 15592K, capacity 17155K, committed 17280K, reserved 516096K
}
Event: 138.680 GC heap after
{Heap after GC invocations=120 (full 0):
 garbage-first heap   total 425984K, used 187358K [0x0000000080000000, 0x0000000100000000)
  region size 1024K, 11 young (11264K), 11 survivors (11264K)
 Metaspace       used 119776K, capacity 123904K, committed 124244K, reserved 624640K
  class space    used 15592K, capacity 17155K, committed 17280K, reserved 516096K
}
Event: 151.616 GC heap before
{Heap before GC invocations=120 (full 0):
 garbage-first heap   total 425984K, used 301022K [0x0000000080000000, 0x0000000100000000)
  region size 1024K, 123 young (125952K), 11 survivors (11264K)
 Metaspace       used 120466K, capacity 124664K, committed 124884K, reserved 624640K
  class space    used 15681K, capacity 17297K, committed 17408K, reserved 516096K
}
Event: 151.681 GC heap after
{Heap after GC invocations=121 (full 0):
 garbage-first heap   total 425984K, used 197872K [0x0000000080000000, 0x0000000100000000)
  region size 1024K, 16 young (16384K), 16 survivors (16384K)
 Metaspace       used 120466K, capacity 124664K, committed 124884K, reserved 624640K
  class space    used 15681K, capacity 17297K, committed 17408K, reserved 516096K
}
Event: 154.308 GC heap before
{Heap before GC invocations=121 (full 0):
 garbage-first heap   total 425984K, used 318704K [0x0000000080000000, 0x0000000100000000)
  region size 1024K, 127 young (130048K), 16 survivors (16384K)
 Metaspace       used 121163K, capacity 125459K, committed 125652K, reserved 624640K
  class space    used 15736K, capacity 17403K, committed 17408K, reserved 516096K
}
Event: 154.362 GC heap after
{Heap after GC invocations=122 (full 0):
 garbage-first heap   total 425984K, used 208298K [0x0000000080000000, 0x0000000100000000)
  region size 1024K, 10 young (10240K), 10 survivors (10240K)
 Metaspace       used 121163K, capacity 125459K, committed 125652K, reserved 624640K
  class space    used 15736K, capacity 17403K, committed 17408K, reserved 516096K
}
Event: 154.733 GC heap before
{Heap before GC invocations=122 (full 0):
 garbage-first heap   total 425984K, used 225706K [0x0000000080000000, 0x0000000100000000)
  region size 1024K, 29 young (29696K), 10 survivors (10240K)
 Metaspace       used 121244K, capacity 125576K, committed 125780K, reserved 624640K
  class space    used 15744K, capacity 17418K, committed 17536K, reserved 516096K
}
Event: 154.773 GC heap after
{Heap after GC invocations=123 (full 0):
 garbage-first heap   total 425984K, used 209920K [0x0000000080000000, 0x0000000100000000)
  region size 1024K, 2 young (2048K), 2 survivors (2048K)
 Metaspace       used 121244K, capacity 125576K, committed 125780K, reserved 624640K
  class space    used 15744K, capacity 17418K, committed 17536K, reserved 516096K
}
Event: 160.263 GC heap before
{Heap before GC invocations=124 (full 0):
 garbage-first heap   total 425984K, used 323583K [0x0000000080000000, 0x0000000100000000)
  region size 1024K, 98 young (100352K), 2 survivors (2048K)
 Metaspace       used 122155K, capacity 126554K, committed 126804K, reserved 626688K
  class space    used 15842K, capacity 17505K, committed 17536K, reserved 516096K
}
Event: 160.291 GC heap after
{Heap after GC invocations=125 (full 0):
 garbage-first heap   total 425984K, used 217592K [0x0000000080000000, 0x0000000100000000)
  region size 1024K, 10 young (10240K), 10 survivors (10240K)
 Metaspace       used 122155K, capacity 126554K, committed 126804K, reserved 626688K
  class space    used 15842K, capacity 17505K, committed 17536K, reserved 516096K
}
Event: 161.409 GC heap before
{Heap before GC invocations=125 (full 0):
 garbage-first heap   total 425984K, used 283128K [0x0000000080000000, 0x0000000100000000)
  region size 1024K, 76 young (77824K), 10 survivors (10240K)
 Metaspace       used 123531K, capacity 127960K, committed 128084K, reserved 626688K
  class space    used 16016K, capacity 17727K, committed 17792K, reserved 516096K
}
Event: 161.438 GC heap after
{Heap after GC invocations=126 (full 0):
 garbage-first heap   total 425984K, used 225153K [0x0000000080000000, 0x0000000100000000)
  region size 1024K, 8 young (8192K), 8 survivors (8192K)
 Metaspace       used 123531K, capacity 127960K, committed 128084K, reserved 626688K
  class space    used 16016K, capacity 17727K, committed 17792K, reserved 516096K
}

