# JRE version: OpenJDK Runtime Environment Microsoft-7208460 (11.0.18+10) (build 11.0.18+10-LTS)
# Java VM: OpenJDK 64-Bit Server VM Microsoft-7208460 (11.0.18+10-LTS, mixed mode, tiered, compressed oops, g1 gc, windows-amd64)
Heap:
 garbage-first heap   total 65536K, used 15683K [0x00000000fc000000, 0x0000000100000000)
  region size 1024K, 9 young (9216K), 3 survivors (3072K)
 Metaspace       used 17283K, capacity 17650K, committed 17792K, reserved 1064960K
  class space    used 1916K, capacity 2060K, committed 2176K, reserved 1048576K
GC Heap History (6 events):
Event: 0.703 GC heap before
{Heap before GC invocations=0 (full 0):
 garbage-first heap   total 65536K, used 16384K [0x00000000fc000000, 0x0000000100000000)
  region size 1024K, 14 young (14336K), 0 survivors (0K)
 Metaspace       used 7621K, capacity 7825K, committed 7936K, reserved 1056768K
  class space    used 668K, capacity 754K, committed 768K, reserved 1048576K
}
Event: 0.709 GC heap after
{Heap after GC invocations=1 (full 0):
 garbage-first heap   total 65536K, used 3509K [0x00000000fc000000, 0x0000000100000000)
  region size 1024K, 2 young (2048K), 2 survivors (2048K)
 Metaspace       used 7621K, capacity 7825K, committed 7936K, reserved 1056768K
  class space    used 668K, capacity 754K, committed 768K, reserved 1048576K
}
Event: 1.206 GC heap before
{Heap before GC invocations=1 (full 0):
 garbage-first heap   total 65536K, used 18869K [0x00000000fc000000, 0x0000000100000000)
  region size 1024K, 14 young (14336K), 2 survivors (2048K)
 Metaspace       used 10824K, capacity 11096K, committed 11264K, reserved 1058816K
  class space    used 1117K, capacity 1210K, committed 1280K, reserved 1048576K
}
Event: 1.213 GC heap after
{Heap after GC invocations=2 (full 0):
 garbage-first heap   total 65536K, used 9722K [0x00000000fc000000, 0x0000000100000000)
  region size 1024K, 2 young (2048K), 2 survivors (2048K)
 Metaspace       used 10824K, capacity 11096K, committed 11264K, reserved 1058816K
  class space    used 1117K, capacity 1210K, committed 1280K, reserved 1048576K
}
Event: 9.718 GC heap before
{Heap before GC invocations=2 (full 0):
 garbage-first heap   total 65536K, used 33274K [0x00000000fc000000, 0x0000000100000000)
  region size 1024K, 26 young (26624K), 2 survivors (2048K)
 Metaspace       used 16569K, capacity 16926K, committed 17152K, reserved 1064960K
  class space    used 1870K, capacity 1989K, committed 2048K, reserved 1048576K
}
Event: 9.760 GC heap after
{Heap after GC invocations=3 (full 0):
 garbage-first heap   total 65536K, used 10563K [0x00000000fc000000, 0x0000000100000000)
  region size 1024K, 3 young (3072K), 3 survivors (3072K)
 Metaspace       used 16569K, capacity 16926K, committed 17152K, reserved 1064960K
  class space    used 1870K, capacity 1989K, committed 2048K, reserved 1048576K
}

