# JRE version: OpenJDK Runtime Environment Microsoft-7208460 (11.0.18+10) (build 11.0.18+10-LTS)
# Java VM: OpenJDK 64-Bit Server VM Microsoft-7208460 (11.0.18+10-LTS, mixed mode, tiered, compressed oops, g1 gc, windows-amd64)
Heap:
 garbage-first heap   total 273408K, used 129797K [0x0000000080000000, 0x0000000100000000)
  region size 1024K, 3 young (3072K), 2 survivors (2048K)
 Metaspace       used 128193K, capacity 131217K, committed 132820K, reserved 632832K
  class space    used 16148K, capacity 17309K, committed 17868K, reserved 516096K
GC Heap History (20 events):
Event: 11285.655 GC heap before
{Heap before GC invocations=168 (full 0):
 garbage-first heap   total 273408K, used 239745K [0x0000000080000000, 0x0000000100000000)
  region size 1024K, 29 young (29696K), 2 survivors (2048K)
 Metaspace       used 111575K, capacity 114180K, committed 127700K, reserved 626688K
  class space    used 14042K, capacity 15030K, committed 17612K, reserved 516096K
}
Event: 11285.674 GC heap after
{Heap after GC invocations=169 (full 0):
 garbage-first heap   total 273408K, used 192610K [0x0000000080000000, 0x0000000100000000)
  region size 1024K, 2 young (2048K), 2 survivors (2048K)
 Metaspace       used 111575K, capacity 114180K, committed 127700K, reserved 626688K
  class space    used 14042K, capacity 15030K, committed 17612K, reserved 516096K
}
Event: 11744.454 GC heap before
{Heap before GC invocations=169 (full 0):
 garbage-first heap   total 273408K, used 203874K [0x0000000080000000, 0x0000000100000000)
  region size 1024K, 13 young (13312K), 2 survivors (2048K)
 Metaspace       used 111575K, capacity 114180K, committed 127700K, reserved 626688K
  class space    used 14042K, capacity 15030K, committed 17612K, reserved 516096K
}
Event: 11744.498 GC heap after
{Heap after GC invocations=170 (full 0):
 garbage-first heap   total 273408K, used 165660K [0x0000000080000000, 0x0000000100000000)
  region size 1024K, 1 young (1024K), 1 survivors (1024K)
 Metaspace       used 111575K, capacity 114180K, committed 127700K, reserved 626688K
  class space    used 14042K, capacity 15030K, committed 17612K, reserved 516096K
}
Event: 12243.661 GC heap before
{Heap before GC invocations=170 (full 0):
 garbage-first heap   total 273408K, used 177948K [0x0000000080000000, 0x0000000100000000)
  region size 1024K, 13 young (13312K), 1 survivors (1024K)
 Metaspace       used 111575K, capacity 114180K, committed 127700K, reserved 626688K
  class space    used 14042K, capacity 15030K, committed 17612K, reserved 516096K
}
Event: 12243.695 GC heap after
{Heap after GC invocations=171 (full 0):
 garbage-first heap   total 273408K, used 144056K [0x0000000080000000, 0x0000000100000000)
  region size 1024K, 1 young (1024K), 1 survivors (1024K)
 Metaspace       used 111575K, capacity 114180K, committed 127700K, reserved 626688K
  class space    used 14042K, capacity 15030K, committed 17612K, reserved 516096K
}
Event: 12739.436 GC heap before
{Heap before GC invocations=171 (full 0):
 garbage-first heap   total 273408K, used 156344K [0x0000000080000000, 0x0000000100000000)
  region size 1024K, 13 young (13312K), 1 survivors (1024K)
 Metaspace       used 111575K, capacity 114180K, committed 127700K, reserved 626688K
  class space    used 14042K, capacity 15030K, committed 17612K, reserved 516096K
}
Event: 12739.467 GC heap after
{Heap after GC invocations=172 (full 0):
 garbage-first heap   total 273408K, used 132398K [0x0000000080000000, 0x0000000100000000)
  region size 1024K, 1 young (1024K), 1 survivors (1024K)
 Metaspace       used 111575K, capacity 114180K, committed 127700K, reserved 626688K
  class space    used 14042K, capacity 15030K, committed 17612K, reserved 516096K
}
Event: 13239.435 GC heap before
{Heap before GC invocations=172 (full 0):
 garbage-first heap   total 273408K, used 144686K [0x0000000080000000, 0x0000000100000000)
  region size 1024K, 13 young (13312K), 1 survivors (1024K)
 Metaspace       used 111575K, capacity 114180K, committed 127700K, reserved 626688K
  class space    used 14042K, capacity 15030K, committed 17612K, reserved 516096K
}
Event: 13239.465 GC heap after
{Heap after GC invocations=173 (full 0):
 garbage-first heap   total 273408K, used 124805K [0x0000000080000000, 0x0000000100000000)
  region size 1024K, 1 young (1024K), 1 survivors (1024K)
 Metaspace       used 111575K, capacity 114180K, committed 127700K, reserved 626688K
  class space    used 14042K, capacity 15030K, committed 17612K, reserved 516096K
}
Event: 16669.435 GC heap before
{Heap before GC invocations=173 (full 0):
 garbage-first heap   total 273408K, used 208773K [0x0000000080000000, 0x0000000100000000)
  region size 1024K, 83 young (84992K), 1 survivors (1024K)
 Metaspace       used 111575K, capacity 114180K, committed 127700K, reserved 626688K
  class space    used 14042K, capacity 15030K, committed 17612K, reserved 516096K
}
Event: 16669.443 GC heap after
{Heap after GC invocations=174 (full 0):
 garbage-first heap   total 273408K, used 124808K [0x0000000080000000, 0x0000000100000000)
  region size 1024K, 1 young (1024K), 1 survivors (1024K)
 Metaspace       used 111575K, capacity 114180K, committed 127700K, reserved 626688K
  class space    used 14042K, capacity 15030K, committed 17612K, reserved 516096K
}
Event: 20559.448 GC heap before
{Heap before GC invocations=175 (full 0):
 garbage-first heap   total 273408K, used 217992K [0x0000000080000000, 0x0000000100000000)
  region size 1024K, 94 young (96256K), 1 survivors (1024K)
 Metaspace       used 111538K, capacity 114114K, committed 127700K, reserved 626688K
  class space    used 14029K, capacity 15008K, committed 17612K, reserved 516096K
}
Event: 20559.452 GC heap after
{Heap after GC invocations=176 (full 0):
 garbage-first heap   total 273408K, used 122788K [0x0000000080000000, 0x0000000100000000)
  region size 1024K, 1 young (1024K), 1 survivors (1024K)
 Metaspace       used 111538K, capacity 114114K, committed 127700K, reserved 626688K
  class space    used 14029K, capacity 15008K, committed 17612K, reserved 516096K
}
Event: 20569.958 GC heap before
{Heap before GC invocations=176 (full 0):
 garbage-first heap   total 273408K, used 135076K [0x0000000080000000, 0x0000000100000000)
  region size 1024K, 13 young (13312K), 1 survivors (1024K)
 Metaspace       used 111580K, capacity 114144K, committed 127700K, reserved 626688K
  class space    used 14036K, capacity 15018K, committed 17612K, reserved 516096K
}
Event: 20569.991 GC heap after
{Heap after GC invocations=177 (full 0):
 garbage-first heap   total 273408K, used 111723K [0x0000000080000000, 0x0000000100000000)
  region size 1024K, 2 young (2048K), 2 survivors (2048K)
 Metaspace       used 111580K, capacity 114144K, committed 127700K, reserved 626688K
  class space    used 14036K, capacity 15018K, committed 17612K, reserved 516096K
}
Event: 20598.168 GC heap before
{Heap before GC invocations=177 (full 0):
 garbage-first heap   total 273408K, used 222315K [0x0000000080000000, 0x0000000100000000)
  region size 1024K, 110 young (112640K), 2 survivors (2048K)
 Metaspace       used 119814K, capacity 122734K, committed 127700K, reserved 626688K
  class space    used 15118K, capacity 16227K, committed 17612K, reserved 516096K
}
Event: 20598.229 GC heap after
{Heap after GC invocations=178 (full 0):
 garbage-first heap   total 273408K, used 120291K [0x0000000080000000, 0x0000000100000000)
  region size 1024K, 10 young (10240K), 10 survivors (10240K)
 Metaspace       used 119814K, capacity 122734K, committed 127700K, reserved 626688K
  class space    used 15118K, capacity 16227K, committed 17612K, reserved 516096K
}
Event: 20603.957 GC heap before
{Heap before GC invocations=179 (full 0):
 garbage-first heap   total 273408K, used 230883K [0x0000000080000000, 0x0000000100000000)
  region size 1024K, 110 young (112640K), 10 survivors (10240K)
 Metaspace       used 127875K, capacity 130929K, committed 132564K, reserved 632832K
  class space    used 16104K, capacity 17277K, committed 17868K, reserved 516096K
}
Event: 20604.068 GC heap after
{Heap after GC invocations=180 (full 0):
 garbage-first heap   total 273408K, used 129548K [0x0000000080000000, 0x0000000100000000)
  region size 1024K, 10 young (10240K), 10 survivors (10240K)
 Metaspace       used 127875K, capacity 130929K, committed 132564K, reserved 632832K
  class space    used 16104K, capacity 17277K, committed 17868K, reserved 516096K
}

