# JRE version: OpenJDK Runtime Environment Microsoft-7208460 (11.0.18+10) (build 11.0.18+10-LTS)
# Java VM: OpenJDK 64-Bit Server VM Microsoft-7208460 (11.0.18+10-LTS, mixed mode, tiered, compressed oops, g1 gc, windows-amd64)
Heap:
 garbage-first heap   total 459776K, used 322616K [0x0000000080000000, 0x0000000100000000)
  region size 1024K, 2 young (2048K), 2 survivors (2048K)
 Metaspace       used 145451K, capacity 150598K, committed 150740K, reserved 647168K
  class space    used 18682K, capacity 20622K, committed 20684K, reserved 516096K
GC Heap History (20 events):
Event: 247.935 GC heap after
{Heap after GC invocations=259 (full 0):
 garbage-first heap   total 391168K, used 312865K [0x0000000080000000, 0x0000000100000000)
  region size 1024K, 4 young (4096K), 4 survivors (4096K)
 Metaspace       used 145447K, capacity 150598K, committed 150740K, reserved 647168K
  class space    used 18682K, capacity 20622K, committed 20684K, reserved 516096K
}
Event: 248.147 GC heap before
{Heap before GC invocations=259 (full 0):
 garbage-first heap   total 391168K, used 345633K [0x0000000080000000, 0x0000000100000000)
  region size 1024K, 36 young (36864K), 4 survivors (4096K)
 Metaspace       used 145447K, capacity 150598K, committed 150740K, reserved 647168K
  class space    used 18682K, capacity 20622K, committed 20684K, reserved 516096K
}
Event: 248.158 GC heap after
{Heap after GC invocations=260 (full 0):
 garbage-first heap   total 391168K, used 315174K [0x0000000080000000, 0x0000000100000000)
  region size 1024K, 4 young (4096K), 4 survivors (4096K)
 Metaspace       used 145447K, capacity 150598K, committed 150740K, reserved 647168K
  class space    used 18682K, capacity 20622K, committed 20684K, reserved 516096K
}
Event: 248.547 GC heap before
{Heap before GC invocations=260 (full 0):
 garbage-first heap   total 391168K, used 342822K [0x0000000080000000, 0x0000000100000000)
  region size 1024K, 32 young (32768K), 4 survivors (4096K)
 Metaspace       used 145447K, capacity 150598K, committed 150740K, reserved 647168K
  class space    used 18682K, capacity 20622K, committed 20684K, reserved 516096K
}
Event: 248.556 GC heap after
{Heap after GC invocations=261 (full 0):
 garbage-first heap   total 391168K, used 317275K [0x0000000080000000, 0x0000000100000000)
  region size 1024K, 3 young (3072K), 3 survivors (3072K)
 Metaspace       used 145447K, capacity 150598K, committed 150740K, reserved 647168K
  class space    used 18682K, capacity 20622K, committed 20684K, reserved 516096K
}
Event: 248.795 GC heap before
{Heap before GC invocations=261 (full 0):
 garbage-first heap   total 391168K, used 343899K [0x0000000080000000, 0x0000000100000000)
  region size 1024K, 29 young (29696K), 3 survivors (3072K)
 Metaspace       used 145447K, capacity 150598K, committed 150740K, reserved 647168K
  class space    used 18682K, capacity 20622K, committed 20684K, reserved 516096K
}
Event: 248.803 GC heap after
{Heap after GC invocations=262 (full 0):
 garbage-first heap   total 391168K, used 319081K [0x0000000080000000, 0x0000000100000000)
  region size 1024K, 2 young (2048K), 2 survivors (2048K)
 Metaspace       used 145447K, capacity 150598K, committed 150740K, reserved 647168K
  class space    used 18682K, capacity 20622K, committed 20684K, reserved 516096K
}
Event: 249.200 GC heap before
{Heap before GC invocations=262 (full 0):
 garbage-first heap   total 391168K, used 343657K [0x0000000080000000, 0x0000000100000000)
  region size 1024K, 27 young (27648K), 2 survivors (2048K)
 Metaspace       used 145447K, capacity 150598K, committed 150740K, reserved 647168K
  class space    used 18682K, capacity 20622K, committed 20684K, reserved 516096K
}
Event: 249.207 GC heap after
{Heap after GC invocations=263 (full 0):
 garbage-first heap   total 391168K, used 319737K [0x0000000080000000, 0x0000000100000000)
  region size 1024K, 3 young (3072K), 3 survivors (3072K)
 Metaspace       used 145447K, capacity 150598K, committed 150740K, reserved 647168K
  class space    used 18682K, capacity 20622K, committed 20684K, reserved 516096K
}
Event: 249.297 GC heap before
{Heap before GC invocations=263 (full 0):
 garbage-first heap   total 391168K, used 344313K [0x0000000080000000, 0x0000000100000000)
  region size 1024K, 28 young (28672K), 3 survivors (3072K)
 Metaspace       used 145447K, capacity 150598K, committed 150740K, reserved 647168K
  class space    used 18682K, capacity 20622K, committed 20684K, reserved 516096K
}
Event: 249.302 GC heap after
{Heap after GC invocations=264 (full 0):
 garbage-first heap   total 391168K, used 320133K [0x0000000080000000, 0x0000000100000000)
  region size 1024K, 2 young (2048K), 2 survivors (2048K)
 Metaspace       used 145447K, capacity 150598K, committed 150740K, reserved 647168K
  class space    used 18682K, capacity 20622K, committed 20684K, reserved 516096K
}
Event: 249.484 GC heap before
{Heap before GC invocations=264 (full 0):
 garbage-first heap   total 391168K, used 345733K [0x0000000080000000, 0x0000000100000000)
  region size 1024K, 27 young (27648K), 2 survivors (2048K)
 Metaspace       used 145447K, capacity 150598K, committed 150740K, reserved 647168K
  class space    used 18682K, capacity 20622K, committed 20684K, reserved 516096K
}
Event: 249.489 GC heap after
{Heap after GC invocations=265 (full 0):
 garbage-first heap   total 391168K, used 320911K [0x0000000080000000, 0x0000000100000000)
  region size 1024K, 3 young (3072K), 3 survivors (3072K)
 Metaspace       used 145447K, capacity 150598K, committed 150740K, reserved 647168K
  class space    used 18682K, capacity 20622K, committed 20684K, reserved 516096K
}
Event: 249.705 GC heap before
{Heap before GC invocations=265 (full 0):
 garbage-first heap   total 391168K, used 345487K [0x0000000080000000, 0x0000000100000000)
  region size 1024K, 27 young (27648K), 3 survivors (3072K)
 Metaspace       used 145449K, capacity 150598K, committed 150740K, reserved 647168K
  class space    used 18682K, capacity 20622K, committed 20684K, reserved 516096K
}
Event: 249.713 GC heap after
{Heap after GC invocations=266 (full 0):
 garbage-first heap   total 391168K, used 321570K [0x0000000080000000, 0x0000000100000000)
  region size 1024K, 3 young (3072K), 3 survivors (3072K)
 Metaspace       used 145449K, capacity 150598K, committed 150740K, reserved 647168K
  class space    used 18682K, capacity 20622K, committed 20684K, reserved 516096K
}
Event: 249.849 GC heap before
{Heap before GC invocations=266 (full 0):
 garbage-first heap   total 391168K, used 346146K [0x0000000080000000, 0x0000000100000000)
  region size 1024K, 27 young (27648K), 3 survivors (3072K)
 Metaspace       used 145449K, capacity 150598K, committed 150740K, reserved 647168K
  class space    used 18682K, capacity 20622K, committed 20684K, reserved 516096K
}
Event: 249.856 GC heap after
{Heap after GC invocations=267 (full 0):
 garbage-first heap   total 391168K, used 322212K [0x0000000080000000, 0x0000000100000000)
  region size 1024K, 3 young (3072K), 3 survivors (3072K)
 Metaspace       used 145449K, capacity 150598K, committed 150740K, reserved 647168K
  class space    used 18682K, capacity 20622K, committed 20684K, reserved 516096K
}
Event: 249.955 GC heap before
{Heap before GC invocations=267 (full 0):
 garbage-first heap   total 391168K, used 346788K [0x0000000080000000, 0x0000000100000000)
  region size 1024K, 27 young (27648K), 3 survivors (3072K)
 Metaspace       used 145451K, capacity 150598K, committed 150740K, reserved 647168K
  class space    used 18682K, capacity 20622K, committed 20684K, reserved 516096K
}
Event: 249.961 GC heap after
{Heap after GC invocations=268 (full 0):
 garbage-first heap   total 391168K, used 322092K [0x0000000080000000, 0x0000000100000000)
  region size 1024K, 2 young (2048K), 2 survivors (2048K)
 Metaspace       used 145451K, capacity 150598K, committed 150740K, reserved 647168K
  class space    used 18682K, capacity 20622K, committed 20684K, reserved 516096K
}
Event: 250.149 GC heap before
{Heap before GC invocations=268 (full 0):
 garbage-first heap   total 391168K, used 346668K [0x0000000080000000, 0x0000000100000000)
  region size 1024K, 26 young (26624K), 2 survivors (2048K)
 Metaspace       used 145451K, capacity 150598K, committed 150740K, reserved 647168K
  class space    used 18682K, capacity 20622K, committed 20684K, reserved 516096K
}

