# JRE version: OpenJDK Runtime Environment Microsoft-7208460 (11.0.18+10) (build 11.0.18+10-LTS)
# Java VM: OpenJDK 64-Bit Server VM Microsoft-7208460 (11.0.18+10-LTS, mixed mode, tiered, compressed oops, g1 gc, windows-amd64)
Heap:
 garbage-first heap   total 237568K, used 131422K [0x0000000080000000, 0x0000000100000000)
  region size 1024K, 2 young (2048K), 2 survivors (2048K)
 Metaspace       used 106861K, capacity 110255K, committed 110420K, reserved 612352K
  class space    used 14036K, capacity 15383K, committed 15436K, reserved 516096K
GC Heap History (20 events):
Event: 116.110 GC heap after
{Heap after GC invocations=54 (full 0):
 garbage-first heap   total 131072K, used 111610K [0x0000000080000000, 0x0000000100000000)
  region size 1024K, 1 young (1024K), 1 survivors (1024K)
 Metaspace       used 99674K, capacity 102637K, committed 102996K, reserved 606208K
  class space    used 13128K, capacity 14290K, committed 14412K, reserved 516096K
}
Event: 116.403 GC heap before
{Heap before GC invocations=54 (full 0):
 garbage-first heap   total 131072K, used 116730K [0x0000000080000000, 0x0000000100000000)
  region size 1024K, 6 young (6144K), 1 survivors (1024K)
 Metaspace       used 99798K, capacity 102789K, committed 102996K, reserved 606208K
  class space    used 13148K, capacity 14336K, committed 14412K, reserved 516096K
}
Event: 116.411 GC heap after
{Heap after GC invocations=55 (full 0):
 garbage-first heap   total 157696K, used 112992K [0x0000000080000000, 0x0000000100000000)
  region size 1024K, 1 young (1024K), 1 survivors (1024K)
 Metaspace       used 99798K, capacity 102789K, committed 102996K, reserved 606208K
  class space    used 13148K, capacity 14336K, committed 14412K, reserved 516096K
}
Event: 116.819 GC heap before
{Heap before GC invocations=56 (full 0):
 garbage-first heap   total 157696K, used 120160K [0x0000000080000000, 0x0000000100000000)
  region size 1024K, 9 young (9216K), 1 survivors (1024K)
 Metaspace       used 99893K, capacity 102914K, committed 102996K, reserved 606208K
  class space    used 13160K, capacity 14352K, committed 14412K, reserved 516096K
}
Event: 116.828 GC heap after
{Heap after GC invocations=57 (full 0):
 garbage-first heap   total 157696K, used 114424K [0x0000000080000000, 0x0000000100000000)
  region size 1024K, 2 young (2048K), 2 survivors (2048K)
 Metaspace       used 99893K, capacity 102914K, committed 102996K, reserved 606208K
  class space    used 13160K, capacity 14352K, committed 14412K, reserved 516096K
}
Event: 117.504 GC heap before
{Heap before GC invocations=58 (full 0):
 garbage-first heap   total 157696K, used 129784K [0x0000000080000000, 0x0000000100000000)
  region size 1024K, 13 young (13312K), 2 survivors (2048K)
 Metaspace       used 100642K, capacity 103680K, committed 103892K, reserved 606208K
  class space    used 13262K, capacity 14457K, committed 14540K, reserved 516096K
}
Event: 117.511 GC heap after
{Heap after GC invocations=59 (full 0):
 garbage-first heap   total 157696K, used 119801K [0x0000000080000000, 0x0000000100000000)
  region size 1024K, 2 young (2048K), 2 survivors (2048K)
 Metaspace       used 100642K, capacity 103680K, committed 103892K, reserved 606208K
  class space    used 13262K, capacity 14457K, committed 14540K, reserved 516096K
}
Event: 118.013 GC heap before
{Heap before GC invocations=59 (full 0):
 garbage-first heap   total 157696K, used 130041K [0x0000000080000000, 0x0000000100000000)
  region size 1024K, 12 young (12288K), 2 survivors (2048K)
 Metaspace       used 101299K, capacity 104416K, committed 104532K, reserved 606208K
  class space    used 13334K, capacity 14553K, committed 14668K, reserved 516096K
}
Event: 118.016 GC heap after
{Heap after GC invocations=60 (full 0):
 garbage-first heap   total 157696K, used 120493K [0x0000000080000000, 0x0000000100000000)
  region size 1024K, 1 young (1024K), 1 survivors (1024K)
 Metaspace       used 101299K, capacity 104416K, committed 104532K, reserved 606208K
  class space    used 13334K, capacity 14553K, committed 14668K, reserved 516096K
}
Event: 118.648 GC heap before
{Heap before GC invocations=61 (full 0):
 garbage-first heap   total 157696K, used 130733K [0x0000000080000000, 0x0000000100000000)
  region size 1024K, 11 young (11264K), 1 survivors (1024K)
 Metaspace       used 101652K, capacity 104760K, committed 105044K, reserved 608256K
  class space    used 13377K, capacity 14625K, committed 14668K, reserved 516096K
}
Event: 118.654 GC heap after
{Heap after GC invocations=62 (full 0):
 garbage-first heap   total 157696K, used 121833K [0x0000000080000000, 0x0000000100000000)
  region size 1024K, 2 young (2048K), 2 survivors (2048K)
 Metaspace       used 101652K, capacity 104760K, committed 105044K, reserved 608256K
  class space    used 13377K, capacity 14625K, committed 14668K, reserved 516096K
}
Event: 119.223 GC heap before
{Heap before GC invocations=62 (full 0):
 garbage-first heap   total 157696K, used 132073K [0x0000000080000000, 0x0000000100000000)
  region size 1024K, 12 young (12288K), 2 survivors (2048K)
 Metaspace       used 102030K, capacity 105300K, committed 105428K, reserved 608256K
  class space    used 13428K, capacity 14698K, committed 14796K, reserved 516096K
}
Event: 119.234 GC heap after
{Heap after GC invocations=63 (full 0):
 garbage-first heap   total 197632K, used 123409K [0x0000000080000000, 0x0000000100000000)
  region size 1024K, 2 young (2048K), 2 survivors (2048K)
 Metaspace       used 102030K, capacity 105300K, committed 105428K, reserved 608256K
  class space    used 13428K, capacity 14698K, committed 14796K, reserved 516096K
}
Event: 120.711 GC heap before
{Heap before GC invocations=64 (full 0):
 garbage-first heap   total 197632K, used 144913K [0x0000000080000000, 0x0000000100000000)
  region size 1024K, 24 young (24576K), 2 survivors (2048K)
 Metaspace       used 102964K, capacity 106236K, committed 106324K, reserved 608256K
  class space    used 13547K, capacity 14847K, committed 14924K, reserved 516096K
}
Event: 120.724 GC heap after
{Heap after GC invocations=65 (full 0):
 garbage-first heap   total 197632K, used 124876K [0x0000000080000000, 0x0000000100000000)
  region size 1024K, 3 young (3072K), 3 survivors (3072K)
 Metaspace       used 102964K, capacity 106236K, committed 106324K, reserved 608256K
  class space    used 13547K, capacity 14847K, committed 14924K, reserved 516096K
}
Event: 122.284 GC heap before
{Heap before GC invocations=65 (full 0):
 garbage-first heap   total 197632K, used 148428K [0x0000000080000000, 0x0000000100000000)
  region size 1024K, 26 young (26624K), 3 survivors (3072K)
 Metaspace       used 104064K, capacity 107487K, committed 107732K, reserved 610304K
  class space    used 13675K, capacity 14985K, committed 15052K, reserved 516096K
}
Event: 122.311 GC heap after
{Heap after GC invocations=66 (full 0):
 garbage-first heap   total 197632K, used 127304K [0x0000000080000000, 0x0000000100000000)
  region size 1024K, 3 young (3072K), 3 survivors (3072K)
 Metaspace       used 104064K, capacity 107487K, committed 107732K, reserved 610304K
  class space    used 13675K, capacity 14985K, committed 15052K, reserved 516096K
}
Event: 124.005 GC heap before
{Heap before GC invocations=67 (full 0):
 garbage-first heap   total 197632K, used 151880K [0x0000000080000000, 0x0000000100000000)
  region size 1024K, 27 young (27648K), 3 survivors (3072K)
 Metaspace       used 105360K, capacity 108709K, committed 109012K, reserved 610304K
  class space    used 13845K, capacity 15170K, committed 15308K, reserved 516096K
}
Event: 124.018 GC heap after
{Heap after GC invocations=68 (full 0):
 garbage-first heap   total 197632K, used 129760K [0x0000000080000000, 0x0000000100000000)
  region size 1024K, 3 young (3072K), 3 survivors (3072K)
 Metaspace       used 105360K, capacity 108709K, committed 109012K, reserved 610304K
  class space    used 13845K, capacity 15170K, committed 15308K, reserved 516096K
}
Event: 124.979 GC heap before
{Heap before GC invocations=68 (full 0):
 garbage-first heap   total 197632K, used 153312K [0x0000000080000000, 0x0000000100000000)
  region size 1024K, 27 young (27648K), 3 survivors (3072K)
 Metaspace       used 106861K, capacity 110255K, committed 110420K, reserved 612352K
  class space    used 14036K, capacity 15383K, committed 15436K, reserved 516096K
}

