# JRE version: OpenJDK Runtime Environment Microsoft-7208460 (11.0.18+10) (build 11.0.18+10-LTS)
# Java VM: OpenJDK 64-Bit Server VM Microsoft-7208460 (11.0.18+10-LTS, mixed mode, tiered, compressed oops, g1 gc, windows-amd64)
Heap:
 garbage-first heap   total 440320K, used 289406K [0x0000000080000000, 0x0000000100000000)
  region size 1024K, 12 young (12288K), 1 survivors (1024K)
 Metaspace       used 210113K, capacity 218733K, committed 218964K, reserved 706560K
  class space    used 26162K, capacity 29286K, committed 29312K, reserved 516096K
GC Heap History (20 events):
Event: 6117.192 GC heap before
{Heap before GC invocations=335 (full 0):
 garbage-first heap   total 440320K, used 358966K [0x0000000080000000, 0x0000000100000000)
  region size 1024K, 88 young (90112K), 3 survivors (3072K)
 Metaspace       used 209641K, capacity 218162K, committed 218324K, reserved 706560K
  class space    used 26102K, capacity 29177K, committed 29184K, reserved 516096K
}
Event: 6117.285 GC heap after
{Heap after GC invocations=336 (full 0):
 garbage-first heap   total 440320K, used 287677K [0x0000000080000000, 0x0000000100000000)
  region size 1024K, 11 young (11264K), 11 survivors (11264K)
 Metaspace       used 209641K, capacity 218162K, committed 218324K, reserved 706560K
  class space    used 26102K, capacity 29177K, committed 29184K, reserved 516096K
}
Event: 6118.521 GC heap before
{Heap before GC invocations=336 (full 0):
 garbage-first heap   total 440320K, used 364477K [0x0000000080000000, 0x0000000100000000)
  region size 1024K, 86 young (88064K), 11 survivors (11264K)
 Metaspace       used 209705K, capacity 218228K, committed 218324K, reserved 706560K
  class space    used 26102K, capacity 29177K, committed 29184K, reserved 516096K
}
Event: 6118.574 GC heap after
{Heap after GC invocations=337 (full 0):
 garbage-first heap   total 440320K, used 303355K [0x0000000080000000, 0x0000000100000000)
  region size 1024K, 11 young (11264K), 11 survivors (11264K)
 Metaspace       used 209705K, capacity 218228K, committed 218324K, reserved 706560K
  class space    used 26102K, capacity 29177K, committed 29184K, reserved 516096K
}
Event: 6118.942 GC heap before
{Heap before GC invocations=338 (full 0):
 garbage-first heap   total 440320K, used 366843K [0x0000000080000000, 0x0000000100000000)
  region size 1024K, 73 young (74752K), 11 survivors (11264K)
 Metaspace       used 209726K, capacity 218237K, committed 218324K, reserved 706560K
  class space    used 26104K, capacity 29180K, committed 29184K, reserved 516096K
}
Event: 6118.986 GC heap after
{Heap after GC invocations=339 (full 0):
 garbage-first heap   total 440320K, used 313856K [0x0000000080000000, 0x0000000100000000)
  region size 1024K, 10 young (10240K), 10 survivors (10240K)
 Metaspace       used 209726K, capacity 218237K, committed 218324K, reserved 706560K
  class space    used 26104K, capacity 29180K, committed 29184K, reserved 516096K
}
Event: 6119.045 GC heap before
{Heap before GC invocations=339 (full 0):
 garbage-first heap   total 440320K, used 324096K [0x0000000080000000, 0x0000000100000000)
  region size 1024K, 21 young (21504K), 10 survivors (10240K)
 Metaspace       used 209740K, capacity 218237K, committed 218324K, reserved 706560K
  class space    used 26104K, capacity 29180K, committed 29184K, reserved 516096K
}
Event: 6119.084 GC heap after
{Heap after GC invocations=340 (full 0):
 garbage-first heap   total 440320K, used 314318K [0x0000000080000000, 0x0000000100000000)
  region size 1024K, 3 young (3072K), 3 survivors (3072K)
 Metaspace       used 209740K, capacity 218237K, committed 218324K, reserved 706560K
  class space    used 26104K, capacity 29180K, committed 29184K, reserved 516096K
}
Event: 6120.572 GC heap before
{Heap before GC invocations=340 (full 0):
 garbage-first heap   total 440320K, used 370638K [0x0000000080000000, 0x0000000100000000)
  region size 1024K, 58 young (59392K), 3 survivors (3072K)
 Metaspace       used 209749K, capacity 218246K, committed 218324K, reserved 706560K
  class space    used 26105K, capacity 29183K, committed 29184K, reserved 516096K
}
Event: 6120.589 GC heap after
{Heap after GC invocations=341 (full 0):
 garbage-first heap   total 440320K, used 316782K [0x0000000080000000, 0x0000000100000000)
  region size 1024K, 5 young (5120K), 5 survivors (5120K)
 Metaspace       used 209749K, capacity 218246K, committed 218324K, reserved 706560K
  class space    used 26105K, capacity 29183K, committed 29184K, reserved 516096K
}
Event: 6123.850 GC heap before
{Heap before GC invocations=342 (full 0):
 garbage-first heap   total 440320K, used 353646K [0x0000000080000000, 0x0000000100000000)
  region size 1024K, 61 young (62464K), 5 survivors (5120K)
 Metaspace       used 209798K, capacity 218310K, committed 218324K, reserved 706560K
  class space    used 26105K, capacity 29183K, committed 29184K, reserved 516096K
}
Event: 6123.872 GC heap after
{Heap after GC invocations=343 (full 0):
 garbage-first heap   total 440320K, used 302385K [0x0000000080000000, 0x0000000100000000)
  region size 1024K, 8 young (8192K), 8 survivors (8192K)
 Metaspace       used 209798K, capacity 218310K, committed 218324K, reserved 706560K
  class space    used 26105K, capacity 29183K, committed 29184K, reserved 516096K
}
Event: 6124.523 GC heap before
{Heap before GC invocations=343 (full 0):
 garbage-first heap   total 440320K, used 315697K [0x0000000080000000, 0x0000000100000000)
  region size 1024K, 21 young (21504K), 8 survivors (8192K)
 Metaspace       used 209817K, capacity 218313K, committed 218324K, reserved 706560K
  class space    used 26107K, capacity 29184K, committed 29184K, reserved 516096K
}
Event: 6124.546 GC heap after
{Heap after GC invocations=344 (full 0):
 garbage-first heap   total 440320K, used 277504K [0x0000000080000000, 0x0000000100000000)
  region size 1024K, 2 young (2048K), 2 survivors (2048K)
 Metaspace       used 209817K, capacity 218313K, committed 218324K, reserved 706560K
  class space    used 26107K, capacity 29184K, committed 29184K, reserved 516096K
}
Event: 6124.657 GC heap before
{Heap before GC invocations=344 (full 0):
 garbage-first heap   total 440320K, used 282624K [0x0000000080000000, 0x0000000100000000)
  region size 1024K, 9 young (9216K), 2 survivors (2048K)
 Metaspace       used 209819K, capacity 218313K, committed 218324K, reserved 706560K
  class space    used 26107K, capacity 29184K, committed 29184K, reserved 516096K
}
Event: 6124.673 GC heap after
{Heap after GC invocations=345 (full 0):
 garbage-first heap   total 440320K, used 280529K [0x0000000080000000, 0x0000000100000000)
  region size 1024K, 5 young (5120K), 5 survivors (5120K)
 Metaspace       used 209819K, capacity 218313K, committed 218324K, reserved 706560K
  class space    used 26107K, capacity 29184K, committed 29184K, reserved 516096K
}
Event: 6127.594 GC heap before
{Heap before GC invocations=346 (full 0):
 garbage-first heap   total 440320K, used 354257K [0x0000000080000000, 0x0000000100000000)
  region size 1024K, 70 young (71680K), 5 survivors (5120K)
 Metaspace       used 209840K, capacity 218317K, committed 218452K, reserved 706560K
  class space    used 26107K, capacity 29185K, committed 29312K, reserved 516096K
}
Event: 6127.609 GC heap after
{Heap after GC invocations=347 (full 0):
 garbage-first heap   total 440320K, used 281078K [0x0000000080000000, 0x0000000100000000)
  region size 1024K, 5 young (5120K), 5 survivors (5120K)
 Metaspace       used 209840K, capacity 218317K, committed 218452K, reserved 706560K
  class space    used 26107K, capacity 29185K, committed 29312K, reserved 516096K
}
Event: 6519.884 GC heap before
{Heap before GC invocations=347 (full 0):
 garbage-first heap   total 440320K, used 296438K [0x0000000080000000, 0x0000000100000000)
  region size 1024K, 21 young (21504K), 5 survivors (5120K)
 Metaspace       used 209843K, capacity 218317K, committed 218452K, reserved 706560K
  class space    used 26107K, capacity 29185K, committed 29312K, reserved 516096K
}
Event: 6519.921 GC heap after
{Heap after GC invocations=348 (full 0):
 garbage-first heap   total 440320K, used 279166K [0x0000000080000000, 0x0000000100000000)
  region size 1024K, 1 young (1024K), 1 survivors (1024K)
 Metaspace       used 209843K, capacity 218317K, committed 218452K, reserved 706560K
  class space    used 26107K, capacity 29185K, committed 29312K, reserved 516096K
}

