# JRE version: OpenJDK Runtime Environment Microsoft-7208460 (11.0.18+10) (build 11.0.18+10-LTS)
# Java VM: OpenJDK 64-Bit Server VM Microsoft-7208460 (11.0.18+10-LTS, mixed mode, tiered, compressed oops, g1 gc, windows-amd64)
Heap:
 garbage-first heap   total 189440K, used 53068K [0x0000000081c00000, 0x0000000100000000)
  region size 1024K, 8 young (8192K), 8 survivors (8192K)
 Metaspace       used 57963K, capacity 58707K, committed 58880K, reserved 1101824K
  class space    used 6579K, capacity 6883K, committed 6912K, reserved 1048576K
GC Heap History (17 events):
Event: 0.581 GC heap before
{Heap before GC invocations=0 (full 0):
 garbage-first heap   total 131072K, used 17408K [0x0000000081c00000, 0x0000000100000000)
  region size 1024K, 14 young (14336K), 0 survivors (0K)
 Metaspace       used 9813K, capacity 9906K, committed 10112K, reserved 1058816K
  class space    used 824K, capacity 853K, committed 896K, reserved 1048576K
}
Event: 0.585 GC heap after
{Heap after GC invocations=1 (full 0):
 garbage-first heap   total 131072K, used 5257K [0x0000000081c00000, 0x0000000100000000)
  region size 1024K, 2 young (2048K), 2 survivors (2048K)
 Metaspace       used 9813K, capacity 9906K, committed 10112K, reserved 1058816K
  class space    used 824K, capacity 853K, committed 896K, reserved 1048576K
}
Event: 1.766 GC heap before
{Heap before GC invocations=1 (full 0):
 garbage-first heap   total 131072K, used 52361K [0x0000000081c00000, 0x0000000100000000)
  region size 1024K, 49 young (50176K), 2 survivors (2048K)
 Metaspace       used 20995K, capacity 21204K, committed 21248K, reserved 1069056K
  class space    used 2206K, capacity 2283K, committed 2304K, reserved 1048576K
}
Event: 1.780 GC heap after
{Heap after GC invocations=2 (full 0):
 garbage-first heap   total 131072K, used 9133K [0x0000000081c00000, 0x0000000100000000)
  region size 1024K, 6 young (6144K), 6 survivors (6144K)
 Metaspace       used 20995K, capacity 21204K, committed 21248K, reserved 1069056K
  class space    used 2206K, capacity 2283K, committed 2304K, reserved 1048576K
}
Event: 2.995 GC heap before
{Heap before GC invocations=3 (full 0):
 garbage-first heap   total 131072K, used 77741K [0x0000000081c00000, 0x0000000100000000)
  region size 1024K, 54 young (55296K), 6 survivors (6144K)
 Metaspace       used 30998K, capacity 31564K, committed 31872K, reserved 1077248K
  class space    used 3649K, capacity 3881K, committed 3968K, reserved 1048576K
}
Event: 3.013 GC heap after
{Heap after GC invocations=4 (full 0):
 garbage-first heap   total 131072K, used 23427K [0x0000000081c00000, 0x0000000100000000)
  region size 1024K, 6 young (6144K), 6 survivors (6144K)
 Metaspace       used 30998K, capacity 31564K, committed 31872K, reserved 1077248K
  class space    used 3649K, capacity 3881K, committed 3968K, reserved 1048576K
}
Event: 3.867 GC heap before
{Heap before GC invocations=4 (full 0):
 garbage-first heap   total 131072K, used 73603K [0x0000000081c00000, 0x0000000100000000)
  region size 1024K, 54 young (55296K), 6 survivors (6144K)
 Metaspace       used 34613K, capacity 35087K, committed 35456K, reserved 1081344K
  class space    used 4216K, capacity 4431K, committed 4480K, reserved 1048576K
}
Event: 3.891 GC heap after
{Heap after GC invocations=5 (full 0):
 garbage-first heap   total 131072K, used 27320K [0x0000000081c00000, 0x0000000100000000)
  region size 1024K, 7 young (7168K), 7 survivors (7168K)
 Metaspace       used 34613K, capacity 35087K, committed 35456K, reserved 1081344K
  class space    used 4216K, capacity 4431K, committed 4480K, reserved 1048576K
}
Event: 3.929 GC heap before
{Heap before GC invocations=5 (full 0):
 garbage-first heap   total 131072K, used 28344K [0x0000000081c00000, 0x0000000100000000)
  region size 1024K, 9 young (9216K), 7 survivors (7168K)
 Metaspace       used 35141K, capacity 35631K, committed 35840K, reserved 1081344K
  class space    used 4268K, capacity 4463K, committed 4480K, reserved 1048576K
}
Event: 3.940 GC heap after
{Heap after GC invocations=6 (full 0):
 garbage-first heap   total 157696K, used 28672K [0x0000000081c00000, 0x0000000100000000)
  region size 1024K, 1 young (1024K), 1 survivors (1024K)
 Metaspace       used 35141K, capacity 35631K, committed 35840K, reserved 1081344K
  class space    used 4268K, capacity 4463K, committed 4480K, reserved 1048576K
}
Event: 4.699 GC heap before
{Heap before GC invocations=7 (full 0):
 garbage-first heap   total 157696K, used 71680K [0x0000000081c00000, 0x0000000100000000)
  region size 1024K, 33 young (33792K), 1 survivors (1024K)
 Metaspace       used 40238K, capacity 40793K, committed 41088K, reserved 1085440K
  class space    used 4757K, capacity 4986K, committed 4992K, reserved 1048576K
}
Event: 4.708 GC heap after
{Heap after GC invocations=8 (full 0):
 garbage-first heap   total 157696K, used 33099K [0x0000000081c00000, 0x0000000100000000)
  region size 1024K, 5 young (5120K), 5 survivors (5120K)
 Metaspace       used 40238K, capacity 40793K, committed 41088K, reserved 1085440K
  class space    used 4757K, capacity 4986K, committed 4992K, reserved 1048576K
}
Event: 6.006 GC heap before
{Heap before GC invocations=9 (full 0):
 garbage-first heap   total 157696K, used 74059K [0x0000000081c00000, 0x0000000100000000)
  region size 1024K, 44 young (45056K), 5 survivors (5120K)
 Metaspace       used 48145K, capacity 48858K, committed 48896K, reserved 1091584K
  class space    used 5609K, capacity 5876K, committed 5888K, reserved 1048576K
}
Event: 6.018 GC heap after
{Heap after GC invocations=10 (full 0):
 garbage-first heap   total 157696K, used 37326K [0x0000000081c00000, 0x0000000100000000)
  region size 1024K, 4 young (4096K), 4 survivors (4096K)
 Metaspace       used 48145K, capacity 48858K, committed 48896K, reserved 1091584K
  class space    used 5609K, capacity 5876K, committed 5888K, reserved 1048576K
}
Event: 7.199 GC heap before
{Heap before GC invocations=10 (full 0):
 garbage-first heap   total 157696K, used 95694K [0x0000000081c00000, 0x0000000100000000)
  region size 1024K, 57 young (58368K), 4 survivors (4096K)
 Metaspace       used 54428K, capacity 55130K, committed 55296K, reserved 1097728K
  class space    used 6332K, capacity 6618K, committed 6656K, reserved 1048576K
}
Event: 7.210 GC heap after
{Heap after GC invocations=11 (full 0):
 garbage-first heap   total 157696K, used 45989K [0x0000000081c00000, 0x0000000100000000)
  region size 1024K, 8 young (8192K), 8 survivors (8192K)
 Metaspace       used 54428K, capacity 55130K, committed 55296K, reserved 1097728K
  class space    used 6332K, capacity 6618K, committed 6656K, reserved 1048576K
}
Event: 9.796 GC heap before
{Heap before GC invocations=11 (full 0):
 garbage-first heap   total 157696K, used 100261K [0x0000000081c00000, 0x0000000100000000)
  region size 1024K, 61 young (62464K), 8 survivors (8192K)
 Metaspace       used 57963K, capacity 58707K, committed 58880K, reserved 1101824K
  class space    used 6579K, capacity 6883K, committed 6912K, reserved 1048576K
}

