# JRE version: OpenJDK Runtime Environment Microsoft-7208460 (11.0.18+10) (build 11.0.18+10-LTS)
# Java VM: OpenJDK 64-Bit Server VM Microsoft-7208460 (11.0.18+10-LTS, mixed mode, tiered, compressed oops, g1 gc, windows-amd64)
Heap:
 garbage-first heap   total 278528K, used 230436K [0x0000000080000000, 0x0000000100000000)
  region size 1024K, 24 young (24576K), 4 survivors (4096K)
 Metaspace       used 121362K, capacity 125815K, committed 126160K, reserved 626688K
  class space    used 15733K, capacity 17417K, committed 17536K, reserved 516096K
GC Heap History (20 events):
Event: 103.709 GC heap before
{Heap before GC invocations=91 (full 0):
 garbage-first heap   total 278528K, used 226090K [0x0000000080000000, 0x0000000100000000)
  region size 1024K, 48 young (49152K), 5 survivors (5120K)
 Metaspace       used 119206K, capacity 123354K, committed 123472K, reserved 622592K
  class space    used 15505K, capacity 17062K, committed 17152K, reserved 516096K
}
Event: 103.725 GC heap after
{Heap after GC invocations=92 (full 0):
 garbage-first heap   total 278528K, used 186109K [0x0000000080000000, 0x0000000100000000)
  region size 1024K, 5 young (5120K), 5 survivors (5120K)
 Metaspace       used 119206K, capacity 123354K, committed 123472K, reserved 622592K
  class space    used 15505K, capacity 17062K, committed 17152K, reserved 516096K
}
Event: 104.913 GC heap before
{Heap before GC invocations=93 (full 0):
 garbage-first heap   total 278528K, used 227069K [0x0000000080000000, 0x0000000100000000)
  region size 1024K, 46 young (47104K), 5 survivors (5120K)
 Metaspace       used 119937K, capacity 124186K, committed 124368K, reserved 624640K
  class space    used 15601K, capacity 17180K, committed 17280K, reserved 516096K
}
Event: 104.930 GC heap after
{Heap after GC invocations=94 (full 0):
 garbage-first heap   total 278528K, used 189295K [0x0000000080000000, 0x0000000100000000)
  region size 1024K, 3 young (3072K), 3 survivors (3072K)
 Metaspace       used 119937K, capacity 124186K, committed 124368K, reserved 624640K
  class space    used 15601K, capacity 17180K, committed 17280K, reserved 516096K
}
Event: 106.659 GC heap before
{Heap before GC invocations=94 (full 0):
 garbage-first heap   total 278528K, used 231279K [0x0000000080000000, 0x0000000100000000)
  region size 1024K, 45 young (46080K), 3 survivors (3072K)
 Metaspace       used 120464K, capacity 124797K, committed 125008K, reserved 624640K
  class space    used 15673K, capacity 17295K, committed 17408K, reserved 516096K
}
Event: 106.678 GC heap after
{Heap after GC invocations=95 (full 0):
 garbage-first heap   total 278528K, used 191939K [0x0000000080000000, 0x0000000100000000)
  region size 1024K, 6 young (6144K), 6 survivors (6144K)
 Metaspace       used 120464K, capacity 124797K, committed 125008K, reserved 624640K
  class space    used 15673K, capacity 17295K, committed 17408K, reserved 516096K
}
Event: 111.374 GC heap before
{Heap before GC invocations=96 (full 0):
 garbage-first heap   total 278528K, used 233923K [0x0000000080000000, 0x0000000100000000)
  region size 1024K, 47 young (48128K), 6 survivors (6144K)
 Metaspace       used 120467K, capacity 124797K, committed 125008K, reserved 624640K
  class space    used 15673K, capacity 17295K, committed 17408K, reserved 516096K
}
Event: 111.393 GC heap after
{Heap after GC invocations=97 (full 0):
 garbage-first heap   total 278528K, used 196604K [0x0000000080000000, 0x0000000100000000)
  region size 1024K, 6 young (6144K), 6 survivors (6144K)
 Metaspace       used 120467K, capacity 124797K, committed 125008K, reserved 624640K
  class space    used 15673K, capacity 17295K, committed 17408K, reserved 516096K
}
Event: 114.227 GC heap before
{Heap before GC invocations=97 (full 0):
 garbage-first heap   total 278528K, used 234492K [0x0000000080000000, 0x0000000100000000)
  region size 1024K, 44 young (45056K), 6 survivors (6144K)
 Metaspace       used 120836K, capacity 125294K, committed 125520K, reserved 624640K
  class space    used 15699K, capacity 17377K, committed 17408K, reserved 516096K
}
Event: 114.246 GC heap after
{Heap after GC invocations=98 (full 0):
 garbage-first heap   total 278528K, used 200896K [0x0000000080000000, 0x0000000100000000)
  region size 1024K, 4 young (4096K), 4 survivors (4096K)
 Metaspace       used 120836K, capacity 125294K, committed 125520K, reserved 624640K
  class space    used 15699K, capacity 17377K, committed 17408K, reserved 516096K
}
Event: 115.172 GC heap before
{Heap before GC invocations=98 (full 0):
 garbage-first heap   total 278528K, used 235712K [0x0000000080000000, 0x0000000100000000)
  region size 1024K, 39 young (39936K), 4 survivors (4096K)
 Metaspace       used 120834K, capacity 125231K, committed 125520K, reserved 624640K
  class space    used 15687K, capacity 17355K, committed 17408K, reserved 516096K
}
Event: 115.184 GC heap after
{Heap after GC invocations=99 (full 0):
 garbage-first heap   total 278528K, used 204347K [0x0000000080000000, 0x0000000100000000)
  region size 1024K, 4 young (4096K), 4 survivors (4096K)
 Metaspace       used 120834K, capacity 125231K, committed 125520K, reserved 624640K
  class space    used 15687K, capacity 17355K, committed 17408K, reserved 516096K
}
Event: 115.892 GC heap before
{Heap before GC invocations=100 (full 0):
 garbage-first heap   total 278528K, used 234043K [0x0000000080000000, 0x0000000100000000)
  region size 1024K, 34 young (34816K), 4 survivors (4096K)
 Metaspace       used 120834K, capacity 125231K, committed 125520K, reserved 624640K
  class space    used 15687K, capacity 17355K, committed 17408K, reserved 516096K
}
Event: 115.900 GC heap after
{Heap after GC invocations=101 (full 0):
 garbage-first heap   total 278528K, used 206100K [0x0000000080000000, 0x0000000100000000)
  region size 1024K, 2 young (2048K), 2 survivors (2048K)
 Metaspace       used 120834K, capacity 125231K, committed 125520K, reserved 624640K
  class space    used 15687K, capacity 17355K, committed 17408K, reserved 516096K
}
Event: 117.255 GC heap before
{Heap before GC invocations=102 (full 0):
 garbage-first heap   total 278528K, used 246036K [0x0000000080000000, 0x0000000100000000)
  region size 1024K, 34 young (34816K), 2 survivors (2048K)
 Metaspace       used 121169K, capacity 125570K, committed 125776K, reserved 624640K
  class space    used 15716K, capacity 17387K, committed 17408K, reserved 516096K
}
Event: 117.264 GC heap after
{Heap after GC invocations=103 (full 0):
 garbage-first heap   total 278528K, used 208836K [0x0000000080000000, 0x0000000100000000)
  region size 1024K, 5 young (5120K), 5 survivors (5120K)
 Metaspace       used 121169K, capacity 125570K, committed 125776K, reserved 624640K
  class space    used 15716K, capacity 17387K, committed 17408K, reserved 516096K
}
Event: 117.358 GC heap before
{Heap before GC invocations=103 (full 0):
 garbage-first heap   total 278528K, used 211908K [0x0000000080000000, 0x0000000100000000)
  region size 1024K, 9 young (9216K), 5 survivors (5120K)
 Metaspace       used 121207K, capacity 125599K, committed 125776K, reserved 624640K
  class space    used 15721K, capacity 17395K, committed 17408K, reserved 516096K
}
Event: 117.367 GC heap after
{Heap after GC invocations=104 (full 0):
 garbage-first heap   total 278528K, used 209491K [0x0000000080000000, 0x0000000100000000)
  region size 1024K, 1 young (1024K), 1 survivors (1024K)
 Metaspace       used 121207K, capacity 125599K, committed 125776K, reserved 624640K
  class space    used 15721K, capacity 17395K, committed 17408K, reserved 516096K
}
Event: 117.956 GC heap before
{Heap before GC invocations=104 (full 0):
 garbage-first heap   total 278528K, used 249427K [0x0000000080000000, 0x0000000100000000)
  region size 1024K, 29 young (29696K), 1 survivors (1024K)
 Metaspace       used 121266K, capacity 125676K, committed 125776K, reserved 624640K
  class space    used 15721K, capacity 17395K, committed 17408K, reserved 516096K
}
Event: 117.963 GC heap after
{Heap after GC invocations=105 (full 0):
 garbage-first heap   total 278528K, used 212004K [0x0000000080000000, 0x0000000100000000)
  region size 1024K, 4 young (4096K), 4 survivors (4096K)
 Metaspace       used 121266K, capacity 125676K, committed 125776K, reserved 624640K
  class space    used 15721K, capacity 17395K, committed 17408K, reserved 516096K
}

